<?xml version="1.0" encoding="UTF-8"?>
<!-- Generated by org.testng.reporters.JUnitReportReporter -->
<testsuite hostname="DESKTOP-2BK02L1" failures="0" tests="1" name="Tests.Case" time="52.841" errors="0" timestamp="2022-09-18T17:28:17 TRT" skipped="0">
  <testcase classname="Tests.Case" name="case1" time="52.841"/>
  <system-out/>
</testsuite> <!-- Tests.Case -->
